<?xml version="1.0" encoding="UTF-8"?>
<testng-results skipped="0" failed="0" ignored="0" total="1" passed="1">
  <reporter-output>
  </reporter-output>
  <suite name="Default suite" duration-ms="79938" started-at="2020-05-09T04:27:04Z" finished-at="2020-05-09T04:28:23Z">
    <groups>
    </groups>
    <test name="Default test" duration-ms="79938" started-at="2020-05-09T04:27:04Z" finished-at="2020-05-09T04:28:23Z">
      <class name="RegressionTest.CeloTest">
        <test-method status="PASS" signature="run()[pri:0, instance:RegressionTest.CeloTest@6fc6f14e]" name="run" duration-ms="79913" started-at="2020-05-09T09:57:04Z" finished-at="2020-05-09T09:58:23Z">
          <reporter-output>
          </reporter-output>
        </test-method> <!-- run -->
      </class> <!-- RegressionTest.CeloTest -->
    </test> <!-- Default test -->
  </suite> <!-- Default suite -->
</testng-results>
